2019-09-22 16:35:34 INFO  PluginTasksProjectComponent.projectOpened(77) - ---------- Project opened ----------
2019-09-22 16:35:34 INFO  PluginTasksProjectComponent.projectOpened(78) - ---------- Version 3.34 ----------

2019-09-22 16:35:34 INFO  PluginTasksProjectComponent.setAutoscrolls(366) - Autoscrolls successfully set
2019-09-22 16:35:35 INFO  ApacheHttpClient.isSessionAppropriateWithSecretKey(570) - The session is not set in the property file.
2019-09-22 16:35:35 INFO  ApacheHttpClient.login(236) - Waiting for server response.
2019-09-22 16:35:35 INFO  ApacheHttpClient.login(240) - responseCode = 200
2019-09-22 16:35:35 INFO  ApacheHttpClient.login(263) - JSESSIONID OK
2019-09-22 16:35:35 INFO  ApacheHttpClient.refreshUserInfo(291) - responseCode = 200
2019-09-22 16:35:35 INFO  ApacheHttpClient.refreshUserInfo(297) - User information received.
2019-09-22 16:35:35 INFO  ApacheHttpClient.startGA(35) - GAService started.
2019-09-22 16:35:35 INFO  AbstractRestApiClient.startService(71) - EventsService started.
2019-09-22 16:36:00 INFO  ApacheHttpClient.getWebResourceAsStream(483) - responseCode = 200
2019-09-22 16:37:02 INFO  PluginTasksProjectComponent.projectClosing(188) - ---------- Project closed ----------

2019-12-10 11:10:01 INFO  PluginTasksProjectComponent.projectOpened(77) - ---------- Project opened ----------
2019-12-10 11:10:01 INFO  PluginTasksProjectComponent.projectOpened(78) - ---------- Version 3.35 ----------

2019-12-10 11:10:02 INFO  PluginTasksProjectComponent.setAutoscrolls(366) - Autoscrolls successfully set
2019-12-10 11:10:05 INFO  ApacheHttpClient.isSessionAppropriateWithSecretKey(583) - Waiting for server response.
2019-12-10 11:10:05 INFO  ApacheHttpClient.isSessionAppropriateWithSecretKey(583) - Waiting for server response.
2019-12-10 11:10:05 INFO  ApacheHttpClient.refreshUserInfo(291) - responseCode = 200
2019-12-10 11:10:05 INFO  ApacheHttpClient.refreshUserInfo(297) - User information received.
2019-12-10 11:10:05 INFO  ApacheHttpClient.startGA(35) - GAService started.
2019-12-10 11:10:05 INFO  AbstractRestApiClient.startService(71) - EventsService started.
2019-12-10 11:13:27 INFO  ApacheHttpClient.getWebResourceAsStream(483) - responseCode = 200
2019-12-10 11:13:27 WARN  PluginUtil.getCurrentTask(70) - Error while retrieving the task key.
2019-12-10 11:13:27 WARN  PluginUtil.getCurrentDirectory(101) - Error while getting the current directory.
2019-12-10 11:13:27 ERROR ValidateButton.actionPerformed(90) - No task selected!
2019-12-10 11:13:36 INFO  ApacheHttpClient.getWebResourceAsStream(483) - responseCode = 200
2019-12-10 11:13:37 INFO  ApacheHttpClient.getFilteredTasks(322) - responseCode = 200
2019-12-10 11:13:49 INFO  ApacheHttpClient.getTaskTemplateInfo(339) - responseCode = 200
2019-12-10 11:13:52 INFO  ApacheHttpClient.getWebResourceAsStream(483) - responseCode = 200
2019-12-10 11:14:05 INFO  ApacheHttpClient.sendEvent(516) - responseCode = 200
2019-12-10 11:15:05 INFO  ApacheHttpClient.sendEvent(516) - responseCode = 200
2019-12-10 11:16:11 ERROR ApacheHttpClient.processExceptionSendEvent(109) - (super) : Error while sending the event to the server.
2019-12-10 11:17:06 INFO  ApacheHttpClient.sendEvent(516) - responseCode = 200
2019-12-10 11:18:05 INFO  ApacheHttpClient.sendEvent(516) - responseCode = 200
2019-12-10 11:19:05 INFO  ApacheHttpClient.sendEvent(516) - responseCode = 200
2019-12-10 11:20:05 INFO  ApacheHttpClient.sendEvent(516) - responseCode = 200
2019-12-10 11:21:06 INFO  ApacheHttpClient.sendEvent(516) - responseCode = 200
2019-12-10 11:22:05 INFO  ApacheHttpClient.sendEvent(516) - responseCode = 200
2019-12-10 11:23:05 INFO  ApacheHttpClient.sendEvent(516) - responseCode = 200
2019-12-10 11:24:05 INFO  ApacheHttpClient.sendEvent(516) - responseCode = 200
2019-12-10 11:25:05 INFO  ApacheHttpClient.sendEvent(516) - responseCode = 200
2019-12-10 11:26:06 INFO  ApacheHttpClient.sendEvent(516) - responseCode = 200
2019-12-10 11:27:05 INFO  ApacheHttpClient.sendEvent(516) - responseCode = 200
2019-12-10 11:28:05 INFO  ApacheHttpClient.sendEvent(516) - responseCode = 200
2019-12-10 11:29:14 ERROR ApacheHttpClient.processExceptionSendEvent(109) - (super) : Error while sending the event to the server.
2019-12-10 11:30:06 INFO  ApacheHttpClient.sendEvent(516) - responseCode = 200
2019-12-10 11:31:05 INFO  ApacheHttpClient.sendEvent(516) - responseCode = 200
2019-12-10 11:32:05 INFO  ApacheHttpClient.sendEvent(516) - responseCode = 200
2019-12-10 11:33:05 INFO  ApacheHttpClient.sendEvent(516) - responseCode = 200
2019-12-10 11:34:06 INFO  ApacheHttpClient.sendEvent(516) - responseCode = 200
2019-12-10 11:35:05 INFO  ApacheHttpClient.sendEvent(516) - responseCode = 200
2019-12-10 11:36:06 INFO  ApacheHttpClient.sendEvent(516) - responseCode = 200
2019-12-10 11:37:06 INFO  ApacheHttpClient.sendEvent(516) - responseCode = 200
2019-12-10 11:37:09 INFO  ApacheHttpClient.getWebResourceAsStream(483) - responseCode = 200
2019-12-10 11:37:10 INFO  ApacheHttpClient.getTask(469) - responseCode = 200
2019-12-10 11:37:11 INFO  ApacheHttpClient.completed(28) - responseCode = 200
2019-12-10 11:37:11 INFO  ApacheHttpClient.getTask(469) - responseCode = 200
2019-12-10 11:37:12 INFO  ApacheHttpClient.getWebResourceAsStream(483) - responseCode = 200
2019-12-10 11:37:56 INFO  ApacheHttpClient.getWebResourceAsStream(483) - responseCode = 200
2019-12-10 11:37:56 INFO  ApacheHttpClient.getFilteredTasks(322) - responseCode = 200
2019-12-10 11:38:05 INFO  ApacheHttpClient.sendEvent(516) - responseCode = 200
2019-12-10 11:38:24 INFO  ApacheHttpClient.getTaskTemplateInfo(339) - responseCode = 200
2019-12-10 11:38:27 INFO  ApacheHttpClient.getWebResourceAsStream(483) - responseCode = 200
2019-12-10 11:39:05 INFO  ApacheHttpClient.sendEvent(516) - responseCode = 200
2019-12-10 11:40:05 INFO  ApacheHttpClient.sendEvent(516) - responseCode = 200
2019-12-10 11:40:50 INFO  ApacheHttpClient.getWebResourceAsStream(483) - responseCode = 200
2019-12-10 11:40:50 INFO  ApacheHttpClient.getTask(469) - responseCode = 200
2019-12-10 11:40:51 INFO  ApacheHttpClient.completed(28) - responseCode = 200
2019-12-10 11:40:52 INFO  ApacheHttpClient.getTask(469) - responseCode = 200
2019-12-10 11:40:52 INFO  ApacheHttpClient.getWebResourceAsStream(483) - responseCode = 200
2019-12-10 11:41:05 INFO  ApacheHttpClient.sendEvent(516) - responseCode = 200
2019-12-10 11:41:09 INFO  ApacheHttpClient.getWebResourceAsStream(483) - responseCode = 200
2019-12-10 11:41:09 INFO  ApacheHttpClient.getFilteredTasks(322) - responseCode = 200
2019-12-10 11:42:05 INFO  ApacheHttpClient.sendEvent(516) - responseCode = 200
2019-12-10 11:43:05 INFO  ApacheHttpClient.sendEvent(516) - responseCode = 200
2019-12-10 11:44:05 INFO  ApacheHttpClient.sendEvent(516) - responseCode = 200
2019-12-10 11:44:14 INFO  ApacheHttpClient.getTaskTemplateInfo(339) - responseCode = 200
2019-12-10 11:44:14 INFO  ApacheHttpClient.getTaskTemplateInfo(339) - responseCode = 200
2019-12-10 11:44:15 INFO  ApacheHttpClient.getWebResourceAsStream(483) - responseCode = 200
2019-12-10 11:44:17 INFO  ApacheHttpClient.getWebResourceAsStream(483) - responseCode = 200
2019-12-10 11:45:05 INFO  ApacheHttpClient.sendEvent(516) - responseCode = 200
2019-12-10 11:45:52 INFO  ApacheHttpClient.getWebResourceAsStream(483) - responseCode = 200
2019-12-10 11:45:53 INFO  ApacheHttpClient.getTask(469) - responseCode = 200
2019-12-10 11:45:54 INFO  ApacheHttpClient.getWebResourceAsStream(483) - responseCode = 200
2019-12-10 11:45:54 INFO  ApacheHttpClient.completed(28) - responseCode = 200
2019-12-10 11:45:54 INFO  ApacheHttpClient.getTask(469) - responseCode = 200
2019-12-10 11:46:05 INFO  ApacheHttpClient.sendEvent(516) - responseCode = 200
2019-12-10 11:46:38 INFO  ApacheHttpClient.getWebResourceAsStream(483) - responseCode = 200
2019-12-10 11:46:38 INFO  ApacheHttpClient.getFilteredTasks(322) - responseCode = 200
2019-12-10 11:46:58 INFO  ApacheHttpClient.getTaskTemplateInfo(339) - responseCode = 200
2019-12-10 11:47:01 INFO  ApacheHttpClient.getWebResourceAsStream(483) - responseCode = 200
2019-12-10 11:47:05 INFO  ApacheHttpClient.sendEvent(516) - responseCode = 200
2019-12-10 11:48:05 INFO  ApacheHttpClient.sendEvent(516) - responseCode = 200
2019-12-10 11:49:06 INFO  ApacheHttpClient.sendEvent(516) - responseCode = 200
2019-12-10 11:49:34 INFO  ApacheHttpClient.getWebResourceAsStream(483) - responseCode = 200
2019-12-10 11:49:34 INFO  ApacheHttpClient.getTask(469) - responseCode = 200
2019-12-10 11:49:36 INFO  ApacheHttpClient.getWebResourceAsStream(483) - responseCode = 200
2019-12-10 11:49:37 INFO  ApacheHttpClient.completed(28) - responseCode = 200
2019-12-10 11:50:05 INFO  ApacheHttpClient.sendEvent(516) - responseCode = 200
2019-12-10 11:51:00 INFO  ApacheHttpClient.getWebResourceAsStream(483) - responseCode = 200
2019-12-10 11:51:00 WARN  PluginUtil.getCurrentTask(70) - Error while retrieving the task key.
2019-12-10 11:51:00 WARN  PluginUtil.getCurrentDirectory(101) - Error while getting the current directory.
2019-12-10 11:51:00 WARN  PluginUtil.getCurrentDirectory(101) - Error while getting the current directory.
2019-12-10 11:51:00 INFO  ApacheHttpClient.getTask(469) - responseCode = 200
2019-12-10 11:51:02 INFO  ApacheHttpClient.completed(28) - responseCode = 200
2019-12-10 11:51:02 INFO  ApacheHttpClient.getWebResourceAsStream(483) - responseCode = 200
2019-12-10 11:51:05 INFO  ApacheHttpClient.sendEvent(516) - responseCode = 200
2019-12-10 11:51:26 INFO  ApacheHttpClient.getWebResourceAsStream(483) - responseCode = 200
2019-12-10 11:51:26 INFO  ApacheHttpClient.getTask(469) - responseCode = 200
2019-12-10 11:52:06 INFO  ApacheHttpClient.sendEvent(516) - responseCode = 200
2019-12-10 11:53:05 INFO  ApacheHttpClient.sendEvent(516) - responseCode = 200
2019-12-10 11:53:54 INFO  ApacheHttpClient.getWebResourceAsStream(483) - responseCode = 200
2019-12-10 11:53:54 INFO  ApacheHttpClient.getTask(469) - responseCode = 200
2019-12-10 11:53:56 INFO  ApacheHttpClient.getWebResourceAsStream(483) - responseCode = 200
2019-12-10 11:53:56 INFO  ApacheHttpClient.completed(28) - responseCode = 200
2019-12-10 11:53:56 INFO  ApacheHttpClient.getTask(469) - responseCode = 200
2019-12-10 11:54:05 INFO  ApacheHttpClient.sendEvent(516) - responseCode = 200
2019-12-10 11:54:48 INFO  ApacheHttpClient.getWebResourceAsStream(483) - responseCode = 200
2019-12-10 11:54:48 INFO  ApacheHttpClient.getFilteredTasks(322) - responseCode = 200
2019-12-10 11:55:05 INFO  ApacheHttpClient.sendEvent(516) - responseCode = 200
2019-12-10 11:56:05 INFO  ApacheHttpClient.sendEvent(516) - responseCode = 200
2019-12-10 11:56:40 INFO  ApacheHttpClient.getTaskTemplateInfo(339) - responseCode = 200
2019-12-10 11:56:41 INFO  ApacheHttpClient.getTaskTemplateInfo(339) - responseCode = 200
2019-12-10 11:56:43 INFO  ApacheHttpClient.getWebResourceAsStream(483) - responseCode = 200
2019-12-10 11:56:45 INFO  ApacheHttpClient.getWebResourceAsStream(483) - responseCode = 200
2019-12-10 11:57:05 INFO  ApacheHttpClient.sendEvent(516) - responseCode = 200
2019-12-10 11:57:46 INFO  ApacheHttpClient.getWebResourceAsStream(483) - responseCode = 200
2019-12-10 11:57:47 INFO  ApacheHttpClient.getTask(469) - responseCode = 200
2019-12-10 11:57:47 ERROR TaskFailed.run(20) - The task verification request was not completed correctly. Be sure you have a network connection and try again. : org.apache.http.ConnectionClosedException
2019-12-10 11:57:48 INFO  ApacheHttpClient.getWebResourceAsStream(483) - responseCode = 200
2019-12-10 11:57:58 INFO  ApacheHttpClient.getWebResourceAsStream(483) - responseCode = 200
2019-12-10 11:57:59 INFO  ApacheHttpClient.completed(28) - responseCode = 400
2019-12-10 11:57:59 INFO  ApacheHttpClient.getTask(469) - responseCode = 200
2019-12-10 11:57:59 WARN  TaskCompleted.run(70) - You already completed this task: "Дана переменная number."
2019-12-10 11:58:00 INFO  ApacheHttpClient.getWebResourceAsStream(483) - responseCode = 200
2019-12-10 11:58:05 INFO  ApacheHttpClient.sendEvent(516) - responseCode = 200
2019-12-10 11:58:07 INFO  ApacheHttpClient.getWebResourceAsStream(483) - responseCode = 200
2019-12-10 11:58:08 INFO  ApacheHttpClient.getFilteredTasks(322) - responseCode = 200
2019-12-10 11:58:20 INFO  ApacheHttpClient.getFilteredTasks(322) - responseCode = 200
2019-12-10 11:59:05 INFO  ApacheHttpClient.sendEvent(516) - responseCode = 200
2019-12-10 12:00:05 INFO  ApacheHttpClient.sendEvent(516) - responseCode = 200
2019-12-10 12:00:29 INFO  ApacheHttpClient.getTaskTemplateInfo(339) - responseCode = 200
2019-12-10 12:00:30 INFO  ApacheHttpClient.getWebResourceAsStream(483) - responseCode = 200
2019-12-10 12:01:06 INFO  ApacheHttpClient.sendEvent(516) - responseCode = 200
2019-12-10 12:02:06 INFO  ApacheHttpClient.sendEvent(516) - responseCode = 200
2019-12-10 12:03:02 INFO  ApacheHttpClient.getWebResourceAsStream(483) - responseCode = 200
2019-12-10 12:03:03 INFO  ApacheHttpClient.getTask(469) - responseCode = 200
2019-12-10 12:03:03 INFO  ApacheHttpClient.getWebResourceAsStream(483) - responseCode = 200
2019-12-10 12:03:04 INFO  ApacheHttpClient.completed(28) - responseCode = 200
2019-12-10 12:03:06 INFO  ApacheHttpClient.sendEvent(516) - responseCode = 200
2019-12-10 12:04:05 INFO  ApacheHttpClient.sendEvent(516) - responseCode = 200
2019-12-10 12:04:09 INFO  ApacheHttpClient.getWebResourceAsStream(483) - responseCode = 200
2019-12-10 12:04:11 INFO  ApacheHttpClient.getTask(469) - responseCode = 200
2019-12-10 12:04:11 INFO  ApacheHttpClient.getWebResourceAsStream(483) - responseCode = 200
2019-12-10 12:04:12 INFO  ApacheHttpClient.completed(28) - responseCode = 200
2019-12-10 12:05:02 INFO  ApacheHttpClient.getWebResourceAsStream(483) - responseCode = 200
2019-12-10 12:05:02 INFO  ApacheHttpClient.getTask(469) - responseCode = 200
2019-12-10 12:05:03 INFO  ApacheHttpClient.getWebResourceAsStream(483) - responseCode = 200
2019-12-10 12:05:03 INFO  ApacheHttpClient.completed(28) - responseCode = 200
2019-12-10 12:05:05 INFO  ApacheHttpClient.sendEvent(516) - responseCode = 200
2019-12-10 12:05:51 INFO  ApacheHttpClient.getWebResourceAsStream(483) - responseCode = 200
2019-12-10 12:05:52 INFO  ApacheHttpClient.getTask(469) - responseCode = 200
2019-12-10 12:05:52 INFO  ApacheHttpClient.getWebResourceAsStream(483) - responseCode = 200
2019-12-10 12:05:53 INFO  ApacheHttpClient.completed(28) - responseCode = 200
2019-12-10 12:05:53 INFO  ApacheHttpClient.getTask(469) - responseCode = 200
2019-12-10 12:06:01 INFO  ApacheHttpClient.getWebResourceAsStream(483) - responseCode = 200
2019-12-10 12:06:01 INFO  ApacheHttpClient.getFilteredTasks(322) - responseCode = 200
2019-12-10 12:06:05 INFO  ApacheHttpClient.sendEvent(516) - responseCode = 200
2019-12-10 12:07:05 INFO  ApacheHttpClient.sendEvent(516) - responseCode = 200
2019-12-10 12:08:07 INFO  ApacheHttpClient.sendEvent(516) - responseCode = 200
2019-12-10 12:08:54 INFO  ApacheHttpClient.getTaskTemplateInfo(339) - responseCode = 200
2019-12-10 12:08:55 INFO  ApacheHttpClient.getWebResourceAsStream(483) - responseCode = 200
2019-12-10 12:09:05 INFO  ApacheHttpClient.sendEvent(516) - responseCode = 200
2019-12-10 12:10:05 INFO  ApacheHttpClient.sendEvent(516) - responseCode = 200
2019-12-10 12:11:05 INFO  ApacheHttpClient.sendEvent(516) - responseCode = 200
2019-12-10 12:11:14 INFO  ApacheHttpClient.getWebResourceAsStream(483) - responseCode = 200
2019-12-10 12:11:15 INFO  ApacheHttpClient.getWebResourceAsStream(483) - responseCode = 200
2019-12-10 12:11:15 INFO  ApacheHttpClient.getTask(469) - responseCode = 200
2019-12-10 12:11:17 INFO  ApacheHttpClient.completed(28) - responseCode = 200
2019-12-10 12:11:17 INFO  ApacheHttpClient.getTask(469) - responseCode = 200
2019-12-10 12:11:24 INFO  ApacheHttpClient.getWebResourceAsStream(483) - responseCode = 200
2019-12-10 12:11:24 INFO  ApacheHttpClient.getFilteredTasks(322) - responseCode = 200
2019-12-10 12:11:55 INFO  ApacheHttpClient.getTaskTemplateInfo(339) - responseCode = 200
2019-12-10 12:11:56 INFO  ApacheHttpClient.getWebResourceAsStream(483) - responseCode = 200
2019-12-10 12:12:05 INFO  ApacheHttpClient.sendEvent(516) - responseCode = 200
2019-12-10 12:13:05 INFO  ApacheHttpClient.sendEvent(516) - responseCode = 200
2019-12-10 12:14:05 INFO  ApacheHttpClient.sendEvent(516) - responseCode = 200
2019-12-10 12:15:05 INFO  ApacheHttpClient.sendEvent(516) - responseCode = 200
2019-12-10 12:15:38 INFO  ApacheHttpClient.getWebResourceAsStream(483) - responseCode = 200
2019-12-10 12:15:38 INFO  ApacheHttpClient.getTask(469) - responseCode = 200
2019-12-10 12:15:38 INFO  ApacheHttpClient.getWebResourceAsStream(483) - responseCode = 200
2019-12-10 12:15:39 INFO  ApacheHttpClient.completed(28) - responseCode = 200
2019-12-10 12:15:39 INFO  ApacheHttpClient.getTask(469) - responseCode = 200
2019-12-10 12:15:51 INFO  ApacheHttpClient.getWebResourceAsStream(483) - responseCode = 200
2019-12-10 12:15:51 INFO  ApacheHttpClient.getFilteredTasks(322) - responseCode = 200
2019-12-10 12:16:05 INFO  ApacheHttpClient.sendEvent(516) - responseCode = 200
2019-12-10 12:17:05 INFO  ApacheHttpClient.sendEvent(516) - responseCode = 200
2019-12-10 12:18:05 INFO  ApacheHttpClient.sendEvent(516) - responseCode = 200
2019-12-10 12:18:47 INFO  ApacheHttpClient.getFilteredTasks(322) - responseCode = 200
2019-12-10 12:19:00 INFO  ApacheHttpClient.getFilteredTasks(322) - responseCode = 200
2019-12-10 12:19:05 INFO  ApacheHttpClient.sendEvent(516) - responseCode = 200
2019-12-10 12:20:05 INFO  ApacheHttpClient.sendEvent(516) - responseCode = 200
2019-12-10 12:21:05 INFO  ApacheHttpClient.sendEvent(516) - responseCode = 200
2019-12-10 12:22:05 INFO  ApacheHttpClient.sendEvent(516) - responseCode = 200
2019-12-10 12:23:05 INFO  ApacheHttpClient.sendEvent(516) - responseCode = 200
2019-12-10 12:24:05 INFO  ApacheHttpClient.sendEvent(516) - responseCode = 200
2019-12-10 12:24:50 INFO  ApacheHttpClient.getTaskTemplateInfo(339) - responseCode = 200
2019-12-10 12:24:52 INFO  ApacheHttpClient.getWebResourceAsStream(483) - responseCode = 200
2019-12-10 12:25:05 INFO  ApacheHttpClient.sendEvent(516) - responseCode = 200
2019-12-10 12:26:01 INFO  ApacheHttpClient.getWebResourceAsStream(483) - responseCode = 200
2019-12-10 12:26:02 INFO  ApacheHttpClient.getTask(469) - responseCode = 200
2019-12-10 12:26:02 INFO  ApacheHttpClient.getWebResourceAsStream(483) - responseCode = 200
2019-12-10 12:26:04 INFO  ApacheHttpClient.completed(28) - responseCode = 200
2019-12-10 12:26:04 INFO  ApacheHttpClient.getTask(469) - responseCode = 200
2019-12-10 12:26:05 INFO  ApacheHttpClient.sendEvent(516) - responseCode = 200
2019-12-10 12:26:21 INFO  ApacheHttpClient.getWebResourceAsStream(483) - responseCode = 200
2019-12-10 12:26:22 INFO  ApacheHttpClient.getFilteredTasks(322) - responseCode = 200
2019-12-10 12:27:05 INFO  ApacheHttpClient.sendEvent(516) - responseCode = 200
2019-12-10 12:28:05 INFO  ApacheHttpClient.sendEvent(516) - responseCode = 200
